<?xml version="1.0" encoding="UTF-8"?>
<robot generator="Robot 3.2.2 (Python 3.8.7 on win32)" generated="20210124 22:28:05.271" rpa="false">
<suite id="s1" name="KOHL" source="C:\Users\user\eclipse-workspace\Robot_Workspace\RobotFramework\KOHL">
<suite id="s1-s1" name="SearchSuite" source="C:\Users\user\eclipse-workspace\Robot_Workspace\RobotFramework\KOHL\SearchSuite.robot">
<test id="s1-s1-t1" name="TC1_ValidCredential">
<kw name="Append To Environment Variable" library="OperatingSystem">
<doc>Appends given ``values`` to environment variable ``name``.</doc>
<arguments>
<arg>Path</arg>
<arg>${OUTPUT_DIR}//driver</arg>
</arguments>
<msg timestamp="20210124 22:28:05.569" level="INFO">Environment variable 'Path' set to value 'C:/Program Files/Java/jre1.8.0_191/bin/server;C:/Program Files/Java/jre1.8.0_191/bin;C:/Program Files/Java/jre1.8.0_191/lib/amd64;C:\Program Files (x86)\Common Files\Oracle\Java\javapath;C:\ProgramData\Oracle\Java\javapath;C:\Program Files (x86)\Intel\iCLS Client\;C:\Program Files\Intel\iCLS Client\;C:\WINDOWS\system32;C:\WINDOWS;C:\WINDOWS\System32\Wbem;C:\WINDOWS\System32\WindowsPowerShell\v1.0\;C:\Program Files (x86)\Intel\Intel(R) Management Engine Components\DAL;C:\Program Files\Intel\Intel(R) Management Engine Components\DAL;C:\Program Files (x86)\Intel\Intel(R) Management Engine Components\IPT;C:\Program Files\Intel\Intel(R) Management Engine Components\IPT;C:\WINDOWS\System32\OpenSSH\;C:\Program Files\Git\cmd;C:\Program Files\nodejs\;C:\Program Files\dotnet\;C:\Program Files\Microsoft VS Code\bin;C:\Program Files (x86)\CodeBlocks\MinGW\bin;C:\Program Files (x86)\Groovy\bin;C:\Users\user\Anaconda3\ac3\New folder\New folder (2);C:\Users\user\Anaconda3\ac3\New folder\New folder (2)\Library\mingw-w64\bin;C:\Users\user\Anaconda3\ac3\New folder\New folder (2)\Library\usr\bin;C:\Users\user\Anaconda3\ac3\New folder\New folder (2)\Library\bin;C:\Users\user\Anaconda3\ac3\New folder\New folder (2)\Scripts;C:\Users\user\AppData\Local\Microsoft\WindowsApps;C:\Users\user\AppData\Roaming\npm;C:\Program Files (x86)\Groovy\bin;;C:\WINDOWS\system32;;C:\Users\user\eclipse-workspace\Robot_Workspace\RobotFramework\KOHL//driver'.</msg>
<status status="PASS" starttime="20210124 22:28:05.569" endtime="20210124 22:28:05.570"></status>
</kw>
<kw name="Open Browser" library="SeleniumLibrary">
<doc>Opens a new browser instance to the optional ``url``.</doc>
<arguments>
<arg>url=https://www.kohls.com/</arg>
<arg>browser=chrome</arg>
</arguments>
<msg timestamp="20210124 22:28:05.571" level="INFO">Opening browser 'chrome' to base url 'https://www.kohls.com/'.</msg>
<status status="PASS" starttime="20210124 22:28:05.570" endtime="20210124 22:28:14.466"></status>
</kw>
<kw name="Maximize Browser Window" library="SeleniumLibrary">
<doc>Maximizes current browser window.</doc>
<status status="PASS" starttime="20210124 22:28:14.468" endtime="20210124 22:28:14.676"></status>
</kw>
<kw name="Set Selenium Implicit Wait" library="SeleniumLibrary">
<doc>Sets the implicit wait value used by Selenium.</doc>
<arguments>
<arg>30s</arg>
</arguments>
<status status="PASS" starttime="20210124 22:28:14.676" endtime="20210124 22:28:14.679"></status>
</kw>
<kw name="Click Element" library="SeleniumLibrary">
<doc>Click the element identified by ``locator``.</doc>
<arguments>
<arg>xpath=//input[@id='search']</arg>
</arguments>
<msg timestamp="20210124 22:28:14.681" level="INFO">Clicking element 'xpath=//input[@id='search']'.</msg>
<status status="PASS" starttime="20210124 22:28:14.680" endtime="20210124 22:28:15.089"></status>
</kw>
<kw name="Input Text" library="SeleniumLibrary">
<doc>Types the given ``text`` into the text field identified by ``locator``.</doc>
<arguments>
<arg>name="search"</arg>
<arg>tuxedo</arg>
</arguments>
<msg timestamp="20210124 22:28:15.090" level="INFO">Typing text 'tuxedo' into text field 'name="search"'.</msg>
<kw name="Capture Page Screenshot" library="SeleniumLibrary">
<doc>Takes a screenshot of the current page and embeds it into a log file.</doc>
<msg timestamp="20210124 22:28:15.612" level="INFO" html="yes">&lt;/td&gt;&lt;/tr&gt;&lt;tr&gt;&lt;td colspan="3"&gt;&lt;a href="selenium-screenshot-1.png"&gt;&lt;img src="selenium-screenshot-1.png" width="800px"&gt;&lt;/a&gt;</msg>
<status status="PASS" starttime="20210124 22:28:15.132" endtime="20210124 22:28:15.613"></status>
</kw>
<msg timestamp="20210124 22:28:15.619" level="FAIL">InvalidSelectorException: Message: invalid selector: An invalid or illegal selector was specified
  (Session info: chrome=88.0.4324.104)
</msg>
<status status="FAIL" starttime="20210124 22:28:15.090" endtime="20210124 22:28:15.620"></status>
</kw>
<status status="FAIL" starttime="20210124 22:28:05.567" endtime="20210124 22:28:15.621" critical="yes">InvalidSelectorException: Message: invalid selector: An invalid or illegal selector was specified
  (Session info: chrome=88.0.4324.104)
</status>
</test>
<status status="FAIL" starttime="20210124 22:28:05.337" endtime="20210124 22:28:15.622"></status>
</suite>
<status status="FAIL" starttime="20210124 22:28:05.310" endtime="20210124 22:28:15.627"></status>
</suite>
<statistics>
<total>
<stat pass="0" fail="1">Critical Tests</stat>
<stat pass="0" fail="1">All Tests</stat>
</total>
<tag>
</tag>
<suite>
<stat pass="0" fail="1" id="s1" name="KOHL">KOHL</stat>
<stat pass="0" fail="1" id="s1-s1" name="SearchSuite">KOHL.SearchSuite</stat>
</suite>
</statistics>
<errors>
</errors>
</robot>
